Executing action: all (aliases: build)
Running cmake in directory 'C:\Users\Rishi Misra\Desktop\Code\ESP32\ceepew\build'
Executing "cmake -G Ninja -B 'C:\Users\Rishi Misra\Desktop\Code\ESP32\ceepew\build' -DPYTHON_DEPS_CHECKED=1 -DPYTHON=C:\Espressif\tools\python\v6.0.1\venv\Scripts\python.exe -DESP_PLATFORM=1 -DCCACHE_ENABLE=False 'C:\Users\Rishi Misra\Desktop\Code\ESP32\ceepew'"...
-- ESP-TEE is currently supported only on the esp32c6;esp32h2;esp32c5;esp32c61 SoCs
info: C:\Users\RISHIM~1\AppData\Local\Temp\kconfgen_tmpw6fzhuaa:13 CONFIG_ESP_TASK_WDT was replaced with CONFIG_ESP_TASK_WDT_INIT

info: C:\Users\RISHIM~1\AppData\Local\Temp\kconfgen_tmpw6fzhuaa:41 CONFIG_SW_COEXIST_ENABLE was replaced with CONFIG_ESP_COEX_SW_COEXIST_ENABLE

Configuration Report                                                           

+-----------------------------------------------------------------------------+

|  Parser Version: 1                                                          |

|  Verbosity: default                                                         |

|  Defaults policy: sdkconfig                                                 |

|  Status: Finished with notifications                                        |

|                                                                             |

| Default Value Mismatch                                                      |

| +-------------------------------------------------------------------------+ |

| | Using sdkconfig default values                                       |  | |

| | Choice symbols with different default selection between sdkconfig    |  | |

| | and Kconfig                                                          |  | |

| | ESPTOOLPY_FLASHSIZE: Kconfig default selection:                      |  | |

| | ESPTOOLPY_FLASHSIZE_2MB, sdkconfig default selection:                |  | |

| | ESPTOOLPY_FLASHSIZE_4MB                                              |  | |

| +-------------------------------------------------------------------------+ |

| Multiple Assignments                                                        |

| +-------------------------------------------------+                         |

| | Symbol ESP_COEX_SW_COEXIST_ENABLE:              |                         |

| |     n (user-set value)                          |                         |

| |     y (user-set value)                          |                         |

| |     -> using y                                  |                         |

| | Choice ESPTOOLPY_FLASHSIZE:                     |                         |

| |     ESPTOOLPY_FLASHSIZE_2MB (default selection) |                         |

| |     ESPTOOLPY_FLASHSIZE_4MB (default selection) |                         |

| |     -> using ESPTOOLPY_FLASHSIZE_4MB            |                         |

| +-------------------------------------------------+                         |

| Disabled Symbols/Choices With User-Set Value                                |

| +-------------------------------------------------------------------------+ |

| | * BT_BLE_50_FEATURES_SUPPORTED (defined at                              | |

| | C:/esp/v6.0.1/esp-idf/components/bt/host/bluedroid/Kconfig.in:1363)     | |

| | with user-set value n from                                              | |

| | C:\Users\RISHIM~1\AppData\Local\Temp\kconfgen_tmpw6fzhuaa               | |

| | * <choice SECURE_BOOT_VERSION> (defined at                              | |

| | C:/esp/v6.0.1/esp-idf/components/bootloader/Kconfig.projbuild:630) with | |

| | all choice symbols disabled in sdkconfig; the choice is not visible.    | |

| | Source: (unknown)                                                       | |

| +-------------------------------------------------------------------------+ |

+-----------------------------------------------------------------------------+

Loading defaults file C:/Users/Rishi Misra/Desktop/Code/ESP32/ceepew/sdkconfig.defaults...

warning: unknown kconfig symbol 'BT_LE_ENABLED' assigned to 'y' in C:/Users/Rishi Misra/Desktop/Code/ESP32/ceepew/sdkconfig.defaults

warning: unknown kconfig symbol 'BT_LE_50_FEATURE_SUPPORT' assigned to 'n' in C:/Users/Rishi Misra/Desktop/Code/ESP32/ceepew/sdkconfig.defaults

warning: unknown kconfig symbol 'BTDM_COEX_BT_OCCUPANCY_RATE' assigned to '20  # 20 % of air time to BLE' in C:/Users/Rishi Misra/Desktop/Code/ESP32/ceepew/sdkconfig.defaults

-- Configuring done (59.9s)
CMake Error:
  Running

   'C:/Espressif/tools/ninja/1.12.1/ninja.exe' '-C' 'C:/Users/Rishi Misra/Desktop/Code/ESP32/ceepew/build' '-t' 'recompact'

  failed with:

   ninja: error: failed recompaction: Permission denied




CMake Error:
  Running

   'C:/Espressif/tools/ninja/1.12.1/ninja.exe' '-C' 'C:/Users/Rishi Misra/Desktop/Code/ESP32/ceepew/build' '-t' 'restat' 'build.ninja' 'C:/Users/Rishi Misra/Desktop/Code/ESP32/ceepew/build/cmake_install.cmake' 'C:/Users/Rishi Misra/Desktop/Code/ESP32/ceepew/build/esp-idf/cmake_install.cmake' 'C:/Users/Rishi Misra/Desktop/Code/ESP32/ceepew/build/esp-idf/xtensa/cmake_install.cmake' 'C:/Users/Rishi Misra/Desktop/Code/ESP32/ceepew/build/esp-idf/esp_stdio/cmake_install.cmake' 'C:/Users/Rishi Misra/Desktop/Code/ESP32/ceepew/build/esp-idf/esp_hal_dma/cmake_install.cmake' 'C:/Users/Rishi Misra/Desktop/Code/ESP32/ceepew/build/esp-idf/esp_hal_gpspi/cmake_install.cmake' 'C:/Users/Rishi Misra/Desktop/Code/ESP32/ceepew/build/esp-idf/esp_hal_clock/cmake_install.cmake' 'C:/Users/Rishi Misra/Desktop/Code/ESP32/ceepew/build/esp-idf/esp_hal_mspi/cmake_install.cmake' 'C:/Users/Rishi Misra/Desktop/Code/ESP32/ceepew/build/esp-idf/esp_blockdev/cmake_install.cmake' 'C:/Users/Rishi Misra/Desktop/Code/ESP32/ceepew/build/esp-idf/esp_hal_security/cmake_install.cmake' 'C:/Users/Rishi Misra/Desktop/Code/ESP32/ceepew/build/esp-idf/bootloader/cmake_install.cmake' 'C:/Users/Rishi Misra/Desktop/Code/ESP32/ceepew/build/esp-idf/esptool_py/cmake_install.cmake' 'C:/Users/Rishi Misra/Desktop/Code/ESP32/ceepew/build/esp-idf/partition_table/cmake_install.cmake' 'C:/Users/Rishi Misra/Desktop/Code/ESP32/ceepew/build/esp-idf/esp_app_format/cmake_install.cmake' 'C:/Users/Rishi Misra/Desktop/Code/ESP32/ceepew/build/esp-idf/esp_bootloader_format/cmake_install.cmake' 'C:/Users/Rishi Misra/Desktop/Code/ESP32/ceepew/build/esp-idf/app_update/cmake_install.cmake' 'C:/Users/Rishi Misra/Desktop/Code/ESP32/ceepew/build/esp-idf/esp_partition/cmake_install.cmake' 'C:/Users/Rishi Misra/Desktop/Code/ESP32/ceepew/build/esp-idf/efuse/cmake_install.cmake' 'C:/Users/Rishi Misra/Desktop/Code/ESP32/ceepew/build/esp-idf/esp_hal_timg/cmake_install.cmake' 'C:/Users/Rishi Misra/Desktop/Code/ESP32/ceepew/build/esp-idf/esp_timer/cmake_install.cmake' 'C:/Users/Rishi Misra/Desktop/Code/ESP32/ceepew/build/esp-idf/esp_security/cmake_install.cmake' 'C:/Users/Rishi Misra/Desktop/Code/ESP32/ceepew/build/esp-idf/esp_hal_uart/cmake_install.cmake' 'C:/Users/Rishi Misra/Desktop/Code/ESP32/ceepew/build/esp-idf/esp_pm/cmake_install.cmake' 'C:/Users/Rishi Misra/Desktop/Code/ESP32/ceepew/build/esp-idf/esp_mm/cmake_install.cmake' 'C:/Users/Rishi Misra/Desktop/Code/ESP32/ceepew/build/esp-idf/esp_driver_dma/cmake_install.cmake' 'C:/Users/Rishi Misra/Desktop/Code/ESP32/ceepew/build/esp-idf/mbedtls/cmake_install.cmake' 'C:/Users/Rishi Misra/Desktop/Code/ESP32/ceepew/build/esp-idf/mbedtls/mbedtls/cmake_install.cmake' 'C:/Users/Rishi Misra/Desktop/Code/ESP32/ceepew/build/esp-idf/mbedtls/mbedtls/include/cmake_install.cmake' 'C:/Users/Rishi Misra/Desktop/Code/ESP32/ceepew/build/esp-idf/mbedtls/mbedtls/tf-psa-crypto/cmake_install.cmake' 'C:/Users/Rishi Misra/Desktop/Code/ESP32/ceepew/build/esp-idf/mbedtls/mbedtls/tf-psa-crypto/include/cmake_install.cmake' 'C:/Users/Rishi Misra/Desktop/Code/ESP32/ceepew/build/esp-idf/mbedtls/mbedtls/tf-psa-crypto/core/cmake_install.cmake' 'C:/Users/Rishi Misra/Desktop/Code/ESP32/ceepew/build/esp-idf/mbedtls/mbedtls/tf-psa-crypto/drivers/cmake_install.cmake' 'C:/Users/Rishi Misra/Desktop/Code/ESP32/ceepew/build/esp-idf/mbedtls/mbedtls/tf-psa-crypto/drivers/everest/cmake_install.cmake' 'C:/Users/Rishi Misra/Desktop/Code/ESP32/ceepew/build/esp-idf/mbedtls/mbedtls/tf-psa-crypto/drivers/p256-m/cmake_install.cmake' 'C:/Users/Rishi Misra/Desktop/Code/ESP32/ceepew/build/esp-idf/mbedtls/mbedtls/tf-psa-crypto/drivers/builtin/cmake_install.cmake' 'C:/Users/Rishi Misra/Desktop/Code/ESP32/ceepew/build/esp-idf/mbedtls/mbedtls/tf-psa-crypto/drivers/builtin/src/cmake_install.cmake' 'C:/Users/Rishi Misra/Desktop/Code/ESP32/ceepew/build/esp-idf/mbedtls/mbedtls/tf-psa-crypto/pkgconfig/cmake_install.cmake' 'C:/Users/Rishi Misra/Desktop/Code/ESP32/ceepew/build/esp-idf/mbedtls/mbedtls/library/cmake_install.cmake' 'C:/Users/Rishi Misra/Desktop/Code/ESP32/ceepew/build/esp-idf/mbedtls/mbedtls/pkgconfig/cmake_install.cmake' 'C:/Users/Rishi Misra/Desktop/Code/ESP32/ceepew/build/esp-idf/esp_hal_wdt/cmake_install.cmake' 'C:/Users/Rishi Misra/Desktop/Code/ESP32/ceepew/build/esp-idf/esp_hal_i2s/cmake_install.cmake' 'C:/Users/Rishi Misra/Desktop/Code/ESP32/ceepew/build/esp-idf/esp_hal_ana_conv/cmake_install.cmake' 'C:/Users/Rishi Misra/Desktop/Code/ESP32/ceepew/build/esp-idf/esp_hal_rtc_timer/cmake_install.cmake' 'C:/Users/Rishi Misra/Desktop/Code/ESP32/ceepew/build/esp-idf/bootloader_support/cmake_install.cmake' 'C:/Users/Rishi Misra/Desktop/Code/ESP32/ceepew/build/esp-idf/spi_flash/cmake_install.cmake' 'C:/Users/Rishi Misra/Desktop/Code/ESP32/ceepew/build/esp-idf/esp_usb_cdc_rom_console/cmake_install.cmake' 'C:/Users/Rishi Misra/Desktop/Code/ESP32/ceepew/build/esp-idf/esp_system/cmake_install.cmake' 'C:/Users/Rishi Misra/Desktop/Code/ESP32/ceepew/build/esp-idf/esp_system/port/cmake_install.cmake' 'C:/Users/Rishi Misra/Desktop/Code/ESP32/ceepew/build/esp-idf/esp_system/port/soc/esp32/cmake_install.cmake' 'C:/Users/Rishi Misra/Desktop/Code/ESP32/ceepew/build/esp-idf/esp_common/cmake_install.cmake' 'C:/Users/Rishi Misra/Desktop/Code/ESP32/ceepew/build/esp-idf/esp_rom/cmake_install.cmake' 'C:/Users/Rishi Misra/Desktop/Code/ESP32/ceepew/build/esp-idf/log/cmake_install.cmake' 'C:/Users/Rishi Misra/Desktop/Code/ESP32/ceepew/build/esp-idf/heap/cmake_install.cmake' 'C:/Users/Rishi Misra/Desktop/Code/ESP32/ceepew/build/esp-idf/hal/cmake_install.cmake' 'C:/Users/Rishi Misra/Desktop/Code/ESP32/ceepew/build/esp-idf/esp_hal_usb/cmake_install.cmake' 'C:/Users/Rishi Misra/Desktop/Code/ESP32/ceepew/build/esp-idf/esp_hal_pmu/cmake_install.cmake' 'C:/Users/Rishi Misra/Desktop/Code/ESP32/ceepew/build/esp-idf/esp_hal_touch_sens/cmake_install.cmake' 'C:/Users/Rishi Misra/Desktop/Code/ESP32/ceepew/build/esp-idf/esp_hw_support/cmake_install.cmake' 'C:/Users/Rishi Misra/Desktop/Code/ESP32/ceepew/build/esp-idf/esp_hw_support/port/esp32/cmake_install.cmake' 'C:/Users/Rishi Misra/Desktop/Code/ESP32/ceepew/build/esp-idf/esp_hw_support/lowpower/cmake_install.cmake' 'C:/Users/Rishi Misra/Desktop/Code/ESP32/ceepew/build/esp-idf/freertos/cmake_install.cmake' 'C:/Users/Rishi Misra/Desktop/Code/ESP32/ceepew/build/esp-idf/esp_libc/cmake_install.cmake' 'C:/Users/Rishi Misra/Desktop/Code/ESP32/ceepew/build/esp-idf/esp_libc/src/port/cmake_install.cmake' 'C:/Users/Rishi Misra/Desktop/Code/ESP32/ceepew/build/esp-idf/pthread/cmake_install.cmake' 'C:/Users/Rishi Misra/Desktop/Code/ESP32/ceepew/build/esp-idf/cxx/cmake_install.cmake' 'C:/Users/Rishi Misra/Desktop/Code/ESP32/ceepew/build/esp-idf/soc/cmake_install.cmake' 'C:/Users/Rishi Misra/Desktop/Code/ESP32/ceepew/build/esp-idf/esp_hal_gpio/cmake_install.cmake' 'C:/Users/Rishi Misra/Desktop/Code/ESP32/ceepew/build/esp-idf/esp_driver_gpio/cmake_install.cmake' 'C:/Users/Rishi Misra/Desktop/Code/ESP32/ceepew/build/esp-idf/esp_hal_ledc/cmake_install.cmake' 'C:/Users/Rishi Misra/Desktop/Code/ESP32/ceepew/build/esp-idf/esp_driver_ledc/cmake_install.cmake' 'C:/Users/Rishi Misra/Desktop/Code/ESP32/ceepew/build/esp-idf/esp_ringbuf/cmake_install.cmake' 'C:/Users/Rishi Misra/Desktop/Code/ESP32/ceepew/build/esp-idf/esp_driver_i2s/cmake_install.cmake' 'C:/Users/Rishi Misra/Desktop/Code/ESP32/ceepew/build/esp-idf/esp_adc/cmake_install.cmake' 'C:/Users/Rishi Misra/Desktop/Code/ESP32/ceepew/build/esp-idf/esp_event/cmake_install.cmake' 'C:/Users/Rishi Misra/Desktop/Code/ESP32/ceepew/build/esp-idf/nvs_sec_provider/cmake_install.cmake' 'C:/Users/Rishi Misra/Desktop/Code/ESP32/ceepew/build/esp-idf/nvs_flash/cmake_install.cmake' 'C:/Users/Rishi Misra/Desktop/Code/ESP32/ceepew/build/esp-idf/esp_phy/cmake_install.cmake' 'C:/Users/Rishi Misra/Desktop/Code/ESP32/ceepew/build/esp-idf/esp_psram/cmake_install.cmake' 'C:/Users/Rishi Misra/Desktop/Code/ESP32/ceepew/build/esp-idf/esp_driver_uart/cmake_install.cmake' 'C:/Users/Rishi Misra/Desktop/Code/ESP32/ceepew/build/esp-idf/esp_driver_usb_serial_jtag/cmake_install.cmake' 'C:/Users/Rishi Misra/Desktop/Code/ESP32/ceepew/build/esp-idf/vfs/cmake_install.cmake' 'C:/Users/Rishi Misra/Desktop/Code/ESP32/ceepew/build/esp-idf/lwip/cmake_install.cmake' 'C:/Users/Rishi Misra/Desktop/Code/ESP32/ceepew/build/esp-idf/esp_netif_stack/cmake_install.cmake' 'C:/Users/Rishi Misra/Desktop/Code/ESP32/ceepew/build/esp-idf/esp_netif/cmake_install.cmake' 'C:/Users/Rishi Misra/Desktop/Code/ESP32/ceepew/build/esp-idf/wpa_supplicant/cmake_install.cmake' 'C:/Users/Rishi Misra/Desktop/Code/ESP32/ceepew/build/esp-idf/esp_coex/cmake_install.cmake' 'C:/Users/Rishi Misra/Desktop/Code/ESP32/ceepew/build/esp-idf/esp_wifi/cmake_install.cmake' 'C:/Users/Rishi Misra/Desktop/Code/ESP32/ceepew/build/esp-idf/esp_hal_i2c/cmake_install.cmake' 'C:/Users/Rishi Misra/Desktop/Code/ESP32/ceepew/build/esp-idf/esp_driver_i2c/cmake_install.cmake' 'C:/Users/Rishi Misra/Desktop/Code/ESP32/ceepew/build/esp-idf/esp_driver_spi/cmake_install.cmake' 'C:/Users/Rishi Misra/Desktop/Code/ESP32/ceepew/build/esp-idf/esp_hal_parlio/cmake_install.cmake' 'C:/Users/Rishi Misra/Desktop/Code/ESP32/ceepew/build/esp-idf/esp_driver_bitscrambler/cmake_install.cmake' 'C:/Users/Rishi Misra/Desktop/Code/ESP32/ceepew/build/esp-idf/esp_driver_parlio/cmake_install.cmake' 'C:/Users/Rishi Misra/Desktop/Code/ESP32/ceepew/build/esp-idf/esp_hal_lcd/cmake_install.cmake' 'C:/Users/Rishi Misra/Desktop/Code/ESP32/ceepew/build/esp-idf/esp_lcd/cmake_install.cmake' 'C:/Users/Rishi Misra/Desktop/Code/ESP32/ceepew/build/esp-idf/ceepew_hal/cmake_install.cmake' 'C:/Users/Rishi Misra/Desktop/Code/ESP32/ceepew/build/esp-idf/crypto/cmake_install.cmake' 'C:/Users/Rishi Misra/Desktop/Code/ESP32/ceepew/build/esp-idf/mem/cmake_install.cmake' 'C:/Users/Rishi Misra/Desktop/Code/ESP32/ceepew/build/esp-idf/esp_gdbstub/cmake_install.cmake' 'C:/Users/Rishi Misra/Desktop/Code/ESP32/ceepew/build/esp-idf/bt/cmake_install.cmake' 'C:/Users/Rishi Misra/Desktop/Code/ESP32/ceepew/build/esp-idf/transport/cmake_install.cmake' 'C:/Users/Rishi Misra/Desktop/Code/ESP32/ceepew/build/esp-idf/ecc/cmake_install.cmake' 'C:/Users/Rishi Misra/Desktop/Code/ESP32/ceepew/build/esp-idf/compress/cmake_install.cmake' 'C:/Users/Rishi Misra/Desktop/Code/ESP32/ceepew/build/esp-idf/tools/cmake_install.cmake' 'C:/Users/Rishi Misra/Desktop/Code/ESP32/ceepew/build/esp-idf/main/cmake_install.cmake'

  failed with:

   ninja: error: failed recompaction: Permission denied




CMake Generate step failed.  Build files cannot be regenerated correctly.
-- Generating done (6.4s)
cmake failed with exit code 1, output of the command is in the C:\Users\Rishi Misra\Desktop\Code\ESP32\ceepew\build\log\idf_py_stderr_output_24624 and C:\Users\Rishi Misra\Desktop\Code\ESP32\ceepew\build\log\idf_py_stdout_output_24624
